ERROR 2025-12-29 19:46:24,377 market Yahoo Timeline Download Error: expected string or bytes-like object, got 'NoneType'
ERROR 2025-12-29 19:48:15,571 market Yahoo Timeline Download Error: expected string or bytes-like object, got 'NoneType'
ERROR 2026-01-03 22:40:30,128 log Internal Server Error: /portfolio/settings/
Traceback (most recent call last):
  File "C:\Users\wajci\PycharmProjects\IKEchecker\.venv\Lib\site-packages\django\core\handlers\exception.py", line 55, in inner
    response = get_response(request)
  File "C:\Users\wajci\PycharmProjects\IKEchecker\.venv\Lib\site-packages\django\core\handlers\base.py", line 198, in _get_response
    response = wrapped_callback(request, *callback_args, **callback_kwargs)
  File "C:\Users\wajci\PycharmProjects\IKEchecker\.venv\Lib\site-packages\django\contrib\auth\decorators.py", line 59, in _view_wrapper
    return view_func(request, *args, **kwargs)
  File "C:\Users\wajci\PycharmProjects\IKEchecker\core\views.py", line 304, in portfolio_settings_view
    form = PortfolioSettingsForm(instance=active_portfolio)
           ^^^^^^^^^^^^^^^^^^^^^
NameError: name 'PortfolioSettingsForm' is not defined. Did you mean: 'portfolio_settings_view'?
ERROR 2026-01-03 22:40:30,129 log "GET /portfolio/settings/ HTTP/1.1" 500 71746
ERROR 2026-01-06 14:39:51,412 log Internal Server Error: /portfolio/settings/
Traceback (most recent call last):
  File "C:\Users\wajci\PycharmProjects\IKEchecker\.venv\Lib\site-packages\django\template\base.py", line 577, in parse
    compile_func = self.tags[command]
                   ~~~~~~~~~^^^^^^^^^
KeyError: 'endblock'

During handling of the above exception, another exception occurred:

Traceback (most recent call last):
  File "C:\Users\wajci\PycharmProjects\IKEchecker\.venv\Lib\site-packages\django\core\handlers\exception.py", line 55, in inner
    response = get_response(request)
  File "C:\Users\wajci\PycharmProjects\IKEchecker\.venv\Lib\site-packages\django\core\handlers\base.py", line 198, in _get_response
    response = wrapped_callback(request, *callback_args, **callback_kwargs)
  File "C:\Users\wajci\PycharmProjects\IKEchecker\.venv\Lib\site-packages\django\contrib\auth\decorators.py", line 59, in _view_wrapper
    return view_func(request, *args, **kwargs)
  File "C:\Users\wajci\PycharmProjects\IKEchecker\core\views.py", line 336, in portfolio_settings_view
    return render(request, 'portfolio_settings.html', context)
  File "C:\Users\wajci\PycharmProjects\IKEchecker\.venv\Lib\site-packages\django\shortcuts.py", line 25, in render
    content = loader.render_to_string(template_name, context, request, using=using)
  File "C:\Users\wajci\PycharmProjects\IKEchecker\.venv\Lib\site-packages\django\template\loader.py", line 61, in render_to_string
    template = get_template(template_name, using=using)
  File "C:\Users\wajci\PycharmProjects\IKEchecker\.venv\Lib\site-packages\django\template\loader.py", line 15, in get_template
    return engine.get_template(template_name)
           ~~~~~~~~~~~~~~~~~~~^^^^^^^^^^^^^^^
  File "C:\Users\wajci\PycharmProjects\IKEchecker\.venv\Lib\site-packages\django\template\backends\django.py", line 79, in get_template
    return Template(self.engine.get_template(template_name), self)
                    ~~~~~~~~~~~~~~~~~~~~~~~~^^^^^^^^^^^^^^^
  File "C:\Users\wajci\PycharmProjects\IKEchecker\.venv\Lib\site-packages\django\template\engine.py", line 186, in get_template
    template, origin = self.find_template(template_name)
                       ~~~~~~~~~~~~~~~~~~^^^^^^^^^^^^^^^
  File "C:\Users\wajci\PycharmProjects\IKEchecker\.venv\Lib\site-packages\django\template\engine.py", line 159, in find_template
    template = loader.get_template(name, skip=skip)
  File "C:\Users\wajci\PycharmProjects\IKEchecker\.venv\Lib\site-packages\django\template\loaders\cached.py", line 57, in get_template
    template = super().get_template(template_name, skip)
  File "C:\Users\wajci\PycharmProjects\IKEchecker\.venv\Lib\site-packages\django\template\loaders\base.py", line 28, in get_template
    return Template(
        contents,
    ...<2 lines>...
        self.engine,
    )
  File "C:\Users\wajci\PycharmProjects\IKEchecker\.venv\Lib\site-packages\django\template\base.py", line 157, in __init__
    self.nodelist = self.compile_nodelist()
                    ~~~~~~~~~~~~~~~~~~~~~^^
  File "C:\Users\wajci\PycharmProjects\IKEchecker\.venv\Lib\site-packages\django\template\base.py", line 199, in compile_nodelist
    nodelist = parser.parse()
  File "C:\Users\wajci\PycharmProjects\IKEchecker\.venv\Lib\site-packages\django\template\base.py", line 585, in parse
    raise self.error(token, e)
  File "C:\Users\wajci\PycharmProjects\IKEchecker\.venv\Lib\site-packages\django\template\base.py", line 583, in parse
    compiled_result = compile_func(self, token)
  File "C:\Users\wajci\PycharmProjects\IKEchecker\.venv\Lib\site-packages\django\template\loader_tags.py", line 307, in do_extends
    nodelist = parser.parse()
  File "C:\Users\wajci\PycharmProjects\IKEchecker\.venv\Lib\site-packages\django\template\base.py", line 579, in parse
    self.invalid_block_tag(token, command, parse_until)
    ~~~~~~~~~~~~~~~~~~~~~~^^^^^^^^^^^^^^^^^^^^^^^^^^^^^
  File "C:\Users\wajci\PycharmProjects\IKEchecker\.venv\Lib\site-packages\django\template\base.py", line 644, in invalid_block_tag
    raise self.error(
    ...<3 lines>...
    )
django.template.exceptions.TemplateSyntaxError: Template: C:\Users\wajci\PycharmProjects\IKEchecker\core\templates\portfolio_settings.html, Invalid block tag on line 517: 'endblock'. Did you forget to register or load this tag?
ERROR 2026-01-06 14:39:51,417 log "GET /portfolio/settings/ HTTP/1.1" 500 178246
ERROR 2026-01-06 14:39:53,633 log Internal Server Error: /portfolio/settings/
Traceback (most recent call last):
  File "C:\Users\wajci\PycharmProjects\IKEchecker\.venv\Lib\site-packages\django\template\base.py", line 577, in parse
    compile_func = self.tags[command]
                   ~~~~~~~~~^^^^^^^^^
KeyError: 'endblock'

During handling of the above exception, another exception occurred:

Traceback (most recent call last):
  File "C:\Users\wajci\PycharmProjects\IKEchecker\.venv\Lib\site-packages\django\core\handlers\exception.py", line 55, in inner
    response = get_response(request)
  File "C:\Users\wajci\PycharmProjects\IKEchecker\.venv\Lib\site-packages\django\core\handlers\base.py", line 198, in _get_response
    response = wrapped_callback(request, *callback_args, **callback_kwargs)
  File "C:\Users\wajci\PycharmProjects\IKEchecker\.venv\Lib\site-packages\django\contrib\auth\decorators.py", line 59, in _view_wrapper
    return view_func(request, *args, **kwargs)
  File "C:\Users\wajci\PycharmProjects\IKEchecker\core\views.py", line 336, in portfolio_settings_view
    return render(request, 'portfolio_settings.html', context)
  File "C:\Users\wajci\PycharmProjects\IKEchecker\.venv\Lib\site-packages\django\shortcuts.py", line 25, in render
    content = loader.render_to_string(template_name, context, request, using=using)
  File "C:\Users\wajci\PycharmProjects\IKEchecker\.venv\Lib\site-packages\django\template\loader.py", line 61, in render_to_string
    template = get_template(template_name, using=using)
  File "C:\Users\wajci\PycharmProjects\IKEchecker\.venv\Lib\site-packages\django\template\loader.py", line 15, in get_template
    return engine.get_template(template_name)
           ~~~~~~~~~~~~~~~~~~~^^^^^^^^^^^^^^^
  File "C:\Users\wajci\PycharmProjects\IKEchecker\.venv\Lib\site-packages\django\template\backends\django.py", line 79, in get_template
    return Template(self.engine.get_template(template_name), self)
                    ~~~~~~~~~~~~~~~~~~~~~~~~^^^^^^^^^^^^^^^
  File "C:\Users\wajci\PycharmProjects\IKEchecker\.venv\Lib\site-packages\django\template\engine.py", line 186, in get_template
    template, origin = self.find_template(template_name)
                       ~~~~~~~~~~~~~~~~~~^^^^^^^^^^^^^^^
  File "C:\Users\wajci\PycharmProjects\IKEchecker\.venv\Lib\site-packages\django\template\engine.py", line 159, in find_template
    template = loader.get_template(name, skip=skip)
  File "C:\Users\wajci\PycharmProjects\IKEchecker\.venv\Lib\site-packages\django\template\loaders\cached.py", line 57, in get_template
    template = super().get_template(template_name, skip)
  File "C:\Users\wajci\PycharmProjects\IKEchecker\.venv\Lib\site-packages\django\template\loaders\base.py", line 28, in get_template
    return Template(
        contents,
    ...<2 lines>...
        self.engine,
    )
  File "C:\Users\wajci\PycharmProjects\IKEchecker\.venv\Lib\site-packages\django\template\base.py", line 157, in __init__
    self.nodelist = self.compile_nodelist()
                    ~~~~~~~~~~~~~~~~~~~~~^^
  File "C:\Users\wajci\PycharmProjects\IKEchecker\.venv\Lib\site-packages\django\template\base.py", line 199, in compile_nodelist
    nodelist = parser.parse()
  File "C:\Users\wajci\PycharmProjects\IKEchecker\.venv\Lib\site-packages\django\template\base.py", line 585, in parse
    raise self.error(token, e)
  File "C:\Users\wajci\PycharmProjects\IKEchecker\.venv\Lib\site-packages\django\template\base.py", line 583, in parse
    compiled_result = compile_func(self, token)
  File "C:\Users\wajci\PycharmProjects\IKEchecker\.venv\Lib\site-packages\django\template\loader_tags.py", line 307, in do_extends
    nodelist = parser.parse()
  File "C:\Users\wajci\PycharmProjects\IKEchecker\.venv\Lib\site-packages\django\template\base.py", line 579, in parse
    self.invalid_block_tag(token, command, parse_until)
    ~~~~~~~~~~~~~~~~~~~~~~^^^^^^^^^^^^^^^^^^^^^^^^^^^^^
  File "C:\Users\wajci\PycharmProjects\IKEchecker\.venv\Lib\site-packages\django\template\base.py", line 644, in invalid_block_tag
    raise self.error(
    ...<3 lines>...
    )
django.template.exceptions.TemplateSyntaxError: Template: C:\Users\wajci\PycharmProjects\IKEchecker\core\templates\portfolio_settings.html, Invalid block tag on line 517: 'endblock'. Did you forget to register or load this tag?
ERROR 2026-01-06 14:39:53,635 log "GET /portfolio/settings/ HTTP/1.1" 500 178246
ERROR 2026-01-06 14:47:31,952 market Price validation math error: 'PKN.WA'
ERROR 2026-01-06 14:51:58,725 market Price validation math error: 'PKN.WA'
ERROR 2026-01-06 19:52:44,687 log Internal Server Error: /
Traceback (most recent call last):
  File "C:\Users\wajci\PycharmProjects\IKEchecker\.venv\Lib\site-packages\django\template\backends\django.py", line 107, in render
    return self.template.render(context)
           ~~~~~~~~~~~~~~~~~~~~^^^^^^^^^
  File "C:\Users\wajci\PycharmProjects\IKEchecker\.venv\Lib\site-packages\django\template\base.py", line 174, in render
    return self._render(context)
           ~~~~~~~~~~~~^^^^^^^^^
  File "C:\Users\wajci\PycharmProjects\IKEchecker\.venv\Lib\site-packages\django\template\base.py", line 166, in _render
    return self.nodelist.render(context)
           ~~~~~~~~~~~~~~~~~~~~^^^^^^^^^
  File "C:\Users\wajci\PycharmProjects\IKEchecker\.venv\Lib\site-packages\django\template\base.py", line 1091, in render
    return SafeString("".join([node.render_annotated(context) for node in self]))
                               ~~~~~~~~~~~~~~~~~~~~~^^^^^^^^^
  File "C:\Users\wajci\PycharmProjects\IKEchecker\.venv\Lib\site-packages\django\template\base.py", line 1052, in render_annotated
    return self.render(context)
           ~~~~~~~~~~~^^^^^^^^^
  File "C:\Users\wajci\PycharmProjects\IKEchecker\.venv\Lib\site-packages\django\template\loader_tags.py", line 160, in render
    return compiled_parent._render(context)
           ~~~~~~~~~~~~~~~~~~~~~~~^^^^^^^^^
  File "C:\Users\wajci\PycharmProjects\IKEchecker\.venv\Lib\site-packages\django\template\base.py", line 166, in _render
    return self.nodelist.render(context)
           ~~~~~~~~~~~~~~~~~~~~^^^^^^^^^
  File "C:\Users\wajci\PycharmProjects\IKEchecker\.venv\Lib\site-packages\django\template\base.py", line 1091, in render
    return SafeString("".join([node.render_annotated(context) for node in self]))
                               ~~~~~~~~~~~~~~~~~~~~~^^^^^^^^^
  File "C:\Users\wajci\PycharmProjects\IKEchecker\.venv\Lib\site-packages\django\template\base.py", line 1052, in render_annotated
    return self.render(context)
           ~~~~~~~~~~~^^^^^^^^^
  File "C:\Users\wajci\PycharmProjects\IKEchecker\.venv\Lib\site-packages\django\template\loader_tags.py", line 66, in render
    result = block.nodelist.render(context)
  File "C:\Users\wajci\PycharmProjects\IKEchecker\.venv\Lib\site-packages\django\template\base.py", line 1091, in render
    return SafeString("".join([node.render_annotated(context) for node in self]))
                               ~~~~~~~~~~~~~~~~~~~~~^^^^^^^^^
  File "C:\Users\wajci\PycharmProjects\IKEchecker\.venv\Lib\site-packages\django\template\base.py", line 1052, in render_annotated
    return self.render(context)
           ~~~~~~~~~~~^^^^^^^^^
  File "C:\Users\wajci\PycharmProjects\IKEchecker\.venv\Lib\site-packages\django\template\defaulttags.py", line 333, in render
    return nodelist.render(context)
           ~~~~~~~~~~~~~~~^^^^^^^^^
  File "C:\Users\wajci\PycharmProjects\IKEchecker\.venv\Lib\site-packages\django\template\base.py", line 1091, in render
    return SafeString("".join([node.render_annotated(context) for node in self]))
                               ~~~~~~~~~~~~~~~~~~~~~^^^^^^^^^
  File "C:\Users\wajci\PycharmProjects\IKEchecker\.venv\Lib\site-packages\django\template\base.py", line 1052, in render_annotated
    return self.render(context)
           ~~~~~~~~~~~^^^^^^^^^
  File "C:\Users\wajci\PycharmProjects\IKEchecker\.venv\Lib\site-packages\django\template\loader_tags.py", line 200, in render
    template = context.template.engine.select_template(template_name)
  File "C:\Users\wajci\PycharmProjects\IKEchecker\.venv\Lib\site-packages\django\template\engine.py", line 234, in select_template
    raise TemplateDoesNotExist(", ".join(not_found))
django.template.exceptions.TemplateDoesNotExist: includes/dashboard/tiles.html

The above exception was the direct cause of the following exception:

Traceback (most recent call last):
  File "C:\Users\wajci\PycharmProjects\IKEchecker\.venv\Lib\site-packages\django\core\handlers\exception.py", line 55, in inner
    response = get_response(request)
  File "C:\Users\wajci\PycharmProjects\IKEchecker\.venv\Lib\site-packages\django\core\handlers\base.py", line 198, in _get_response
    response = wrapped_callback(request, *callback_args, **callback_kwargs)
  File "C:\Users\wajci\PycharmProjects\IKEchecker\.venv\Lib\site-packages\django\contrib\auth\decorators.py", line 59, in _view_wrapper
    return view_func(request, *args, **kwargs)
  File "C:\Users\wajci\PycharmProjects\IKEchecker\core\views.py", line 140, in dashboard_view
    return render(request, 'dashboard.html', context)
  File "C:\Users\wajci\PycharmProjects\IKEchecker\.venv\Lib\site-packages\django\shortcuts.py", line 25, in render
    content = loader.render_to_string(template_name, context, request, using=using)
  File "C:\Users\wajci\PycharmProjects\IKEchecker\.venv\Lib\site-packages\django\template\loader.py", line 62, in render_to_string
    return template.render(context, request)
           ~~~~~~~~~~~~~~~^^^^^^^^^^^^^^^^^^
  File "C:\Users\wajci\PycharmProjects\IKEchecker\.venv\Lib\site-packages\django\template\backends\django.py", line 109, in render
    reraise(exc, self.backend)
    ~~~~~~~^^^^^^^^^^^^^^^^^^^
  File "C:\Users\wajci\PycharmProjects\IKEchecker\.venv\Lib\site-packages\django\template\backends\django.py", line 130, in reraise
    raise new from exc
django.template.exceptions.TemplateDoesNotExist: includes/dashboard/tiles.html
ERROR 2026-01-06 19:52:44,693 log "GET / HTTP/1.1" 500 301531
